#
# A fatal error has been detected by the Java Runtime Environment:
#
#  EXCEPTION_ACCESS_VIOLATION (0xc0000005) at pc=0x0000000071128f45, pid=3220, tid=3432
#
# JRE version: Java(TM) SE Runtime Environment (8.0_91-b15) (build 1.8.0_91-b15)
# Java VM: Java HotSpot(TM) 64-Bit Server VM (25.91-b15 mixed mode windows-amd64 compressed oops)
# Problematic frame:
# V  [jvm.dll+0x128f45]
#
# Failed to write core dump. Minidumps are not enabled by default on client versions of Windows
#
# If you would like to submit a bug report, please visit:
#   http://bugreport.java.com/bugreport/crash.jsp
#

---------------  T H R E A D  ---------------

Current thread (0x0000000058bd9800):  JavaThread "JDWP Transport Listener: dt_socket" daemon [_thread_in_vm, id=3432, stack(0x0000000058ff0000,0x00000000590f0000)]

siginfo: ExceptionCode=0xc0000005, reading address 0xffffffffffffffff

Registers:
RAX=0x00000000590ef701, RBX=0x0000000058bd9800, RCX=0x7a5f62726f6e7500, RDX=0x0000000000000000
RSP=0x00000000590ef790, RBP=0x7a5f62726f6e7500, RSI=0x00000000590ef8a8, RDI=0x00000000025e9110
R8 =0x0000000058bd9800, R9 =0x000000000000ff00, R10=0x0000000000000000, R11=0x00000ae4017f002a
R12=0x0000000000000000, R13=0x0000000058be00c8, R14=0x0000000000000000, R15=0x0000000000000000
RIP=0x0000000071128f45, EFLAGS=0x0000000000010206

Top of Stack: (sp=0x00000000590ef790)
0x00000000590ef790:   0000000058bd9800 0000000058bd9800
0x00000000590ef7a0:   00000000590ef858 000000007132f32b
0x00000000590ef7b0:   0000000058bd9800 000000007134bb8d
0x00000000590ef7c0:   0000000000000000 0000000074669155
0x00000000590ef7d0:   000000005a1c95a0 000000007467291e
0x00000000590ef7e0:   0000000058bd9800 0000000000000000
0x00000000590ef7f0:   0000000000000000 0000000000000000
0x00000000590ef800:   7a5f62726f6e7500 0000000074671a15
0x00000000590ef810:   00000000590ef8a8 00000000590ef880
0x00000000590ef820:   0000000000000001 000000005a1c95a0
0x00000000590ef830:   7a5f62726f6e7500 00000000746553b3
0x00000000590ef840:   00000000590ef970 0000000000000001
0x00000000590ef850:   0000000000000001 000000005a1c95a0
0x00000000590ef860:   00000000f000100a 0000000000000000
0x00000000590ef870:   0000000000000000 0000000000000000
0x00000000590ef880:   0000000000000001 0000000074655571 

Instructions: (pc=0x0000000071128f45)
0x0000000071128f25:   cc cc cc cc cc cc cc cc cc cc cc 48 83 ec 28 48
0x0000000071128f35:   85 c9 75 07 33 c0 48 83 c4 28 c3 48 89 5c 24 20
0x0000000071128f45:   48 8b 19 48 85 db 74 20 48 83 fb 37 74 1a 48 8b
0x0000000071128f55:   13 48 8b cb ff 52 10 84 c0 74 0d 48 8b c3 48 8b 


Register to memory mapping:

RAX=0x00000000590ef701 is pointing into the stack for thread: 0x0000000058bd9800
RBX=0x0000000058bd9800 is a thread
RCX=0x7a5f62726f6e7500 is an unknown value
RDX=0x0000000000000000 is an unknown value
RSP=0x00000000590ef790 is pointing into the stack for thread: 0x0000000058bd9800
RBP=0x7a5f62726f6e7500 is an unknown value
RSI=0x00000000590ef8a8 is pointing into the stack for thread: 0x0000000058bd9800
RDI=0x00000000025e9110 is an unknown value
R8 =0x0000000058bd9800 is a thread
R9 =0x000000000000ff00 is an unknown value
R10=0x0000000000000000 is an unknown value
R11=0x00000ae4017f002a is an unknown value
R12=0x0000000000000000 is an unknown value
R13=0x0000000058be00c8 is an unknown value
R14=0x0000000000000000 is an unknown value
R15=0x0000000000000000 is an unknown value


Stack: [0x0000000058ff0000,0x00000000590f0000],  sp=0x00000000590ef790,  free space=1021k
Native frames: (J=compiled Java code, j=interpreted, Vv=VM code, C=native code)
V  [jvm.dll+0x128f45]
V  [jvm.dll+0x34bb8d]
C  [jdwp.dll+0x21a15]
C  [jdwp.dll+0x53b3]
C  [jdwp.dll+0x5571]
C  [jdwp.dll+0xf0a8]
C  [jdwp.dll+0x1f2d5]
C  [jdwp.dll+0x1f4aa]
V  [jvm.dll+0x1bbf38]
V  [jvm.dll+0x243ae4]
V  [jvm.dll+0x29a99a]
C  [msvcr100.dll+0x21d9f]
C  [msvcr100.dll+0x21e3b]
C  [kernel32.dll+0x159cd]
C  [ntdll.dll+0x5385d]


---------------  P R O C E S S  ---------------

Java Threads: ( => current thread )
  0x0000000058dd7000 JavaThread "Service Thread" daemon [_thread_blocked, id=3092, stack(0x0000000059ed0000,0x0000000059fd0000)]
  0x0000000058dd4800 JavaThread "C1 CompilerThread2" daemon [_thread_blocked, id=2900, stack(0x0000000059cc0000,0x0000000059dc0000)]
  0x0000000058dd3800 JavaThread "C2 CompilerThread1" daemon [_thread_blocked, id=2916, stack(0x0000000059930000,0x0000000059a30000)]
  0x0000000058dd3000 JavaThread "C2 CompilerThread0" daemon [_thread_blocked, id=3676, stack(0x0000000059ac0000,0x0000000059bc0000)]
  0x0000000058bed800 JavaThread "JDWP Command Reader" daemon [_thread_in_native, id=3668, stack(0x0000000059700000,0x0000000059800000)]
  0x0000000058be5800 JavaThread "JDWP Event Helper Thread" daemon [_thread_blocked, id=1952, stack(0x00000000594b0000,0x00000000595b0000)]
=>0x0000000058bd9800 JavaThread "JDWP Transport Listener: dt_socket" daemon [_thread_in_vm, id=3432, stack(0x0000000058ff0000,0x00000000590f0000)]
  0x000000005793d000 JavaThread "Attach Listener" daemon [_thread_blocked, id=3204, stack(0x0000000059330000,0x0000000059430000)]
  0x0000000058bd3000 JavaThread "Signal Dispatcher" daemon [_thread_blocked, id=3456, stack(0x0000000059180000,0x0000000059280000)]
  0x0000000057919800 JavaThread "Finalizer" daemon [_thread_blocked, id=2988, stack(0x0000000058ac0000,0x0000000058bc0000)]
  0x00000000578d2800 JavaThread "Reference Handler" daemon [_thread_blocked, id=1332, stack(0x00000000588d0000,0x00000000589d0000)]
  0x0000000002488000 JavaThread "main" [_thread_blocked, id=3352, stack(0x0000000002710000,0x0000000002810000)]

Other Threads:
  0x00000000578ca800 VMThread [stack: 0x0000000058730000,0x0000000058830000] [id=4084]
  0x0000000058c64800 WatcherThread [stack: 0x000000005a060000,0x000000005a160000] [id=3980]

VM state:not at safepoint (normal execution)

VM Mutex/Monitor currently owned by a thread: None

Heap:
 PSYoungGen      total 38400K, used 8094K [0x00000000d5580000, 0x00000000d8000000, 0x0000000100000000)
  eden space 33280K, 24% used [0x00000000d5580000,0x00000000d5d67a80,0x00000000d7600000)
  from space 5120K, 0% used [0x00000000d7b00000,0x00000000d7b00000,0x00000000d8000000)
  to   space 5120K, 0% used [0x00000000d7600000,0x00000000d7600000,0x00000000d7b00000)
 ParOldGen       total 87552K, used 0K [0x0000000080000000, 0x0000000085580000, 0x00000000d5580000)
  object space 87552K, 0% used [0x0000000080000000,0x0000000080000000,0x0000000085580000)
 Metaspace       used 5856K, capacity 6016K, committed 6144K, reserved 1056768K
  class space    used 646K, capacity 706K, committed 768K, reserved 1048576K

Card table byte_map: [0x0000000011cd0000,0x00000000120e0000] byte_map_base: 0x00000000118d0000

Marking Bits: (ParMarkBitMap*) 0x0000000071812f70
 Begin Bits: [0x0000000012b40000, 0x0000000014b40000)
 End Bits:   [0x0000000014b40000, 0x0000000016b40000)

Polling page: 0x0000000000120000

CodeCache: size=245760Kb used=1691Kb max_used=1691Kb free=244068Kb
 bounds [0x0000000002910000, 0x0000000002b80000, 0x0000000011910000]
 total_blobs=609 nmethods=314 adapters=216
 compilation: enabled

Compilation events (10 events):
Event: 48.686 Thread 0x0000000058dd4800  309       1       org.eclipse.jdt.launching.internal.org.objectweb.asm.Handle::getTag (5 bytes)
Event: 48.687 Thread 0x0000000058dd4800 nmethod 309 0x0000000002ab6a90 code [0x0000000002ab6be0, 0x0000000002ab6cf0]
Event: 48.687 Thread 0x0000000058dd4800  310       1       org.eclipse.jdt.launching.internal.org.objectweb.asm.Handle::getOwner (5 bytes)
Event: 48.687 Thread 0x0000000058dd4800 nmethod 310 0x0000000002ab6d50 code [0x0000000002ab6ea0, 0x0000000002ab6fb0]
Event: 48.687 Thread 0x0000000058dd4800  311       1       org.eclipse.jdt.launching.internal.org.objectweb.asm.Handle::getName (5 bytes)
Event: 48.687 Thread 0x0000000058dd4800 nmethod 311 0x0000000002ab7010 code [0x0000000002ab7160, 0x0000000002ab7270]
Event: 48.687 Thread 0x0000000058dd4800  312       1       org.eclipse.jdt.launching.internal.org.objectweb.asm.Handle::getDesc (5 bytes)
Event: 48.687 Thread 0x0000000058dd4800 nmethod 312 0x0000000002ab72d0 code [0x0000000002ab7420, 0x0000000002ab7530]
Event: 48.687 Thread 0x0000000058dd4800  313       1       org.eclipse.jdt.launching.internal.org.objectweb.asm.Handle::isInterface (5 bytes)
Event: 48.687 Thread 0x0000000058dd4800 nmethod 313 0x0000000002ab7590 code [0x0000000002ab76e0, 0x0000000002ab77f0]

GC Heap History (0 events):
No events

Deoptimization events (0 events):
No events

Internal exceptions (4 events):
Event: 0.052 Thread 0x0000000002488000 Exception <a 'java/lang/NoSuchMethodError': Method sun.misc.Unsafe.defineClass(Ljava/lang/String;[BII)Ljava/lang/Class; name or signature does not match> (0x00000000d5587cc0) thrown at [C:\re\workspace\8-2-build-windows-amd64-cygwin\jdk8u91\7017\hotspot\srÕá2¸÷ºª?
Event: 0.052 Thread 0x0000000002488000 Exception <a 'java/lang/NoSuchMethodError': Method sun.misc.Unsafe.prefetchRead(Ljava/lang/Object;J)V name or signature does not match> (0x00000000d5587fa8) thrown at [C:\re\workspace\8-2-build-windows-amd64-cygwin\jdk8u91\7017\hotspot\src\share\vm\prims\jÄ¯XÃEnÞ?
Event: 0.475 Thread 0x0000000002488000 Exception <a 'java/lang/NoSuchFieldError': method resolution failed> (0x00000000d5c660b0) thrown at [C:\re\workspace\8-2-build-windows-amd64-cygwin\jdk8u91\7017\hotspot\src\share\vm\prims\methodHandles.cpp, line 1146]
Event: 0.481 Thread 0x0000000002488000 Exception <a 'java/lang/NoSuchFieldError': method resolution failed> (0x00000000d5c73ec8) thrown at [C:\re\workspace\8-2-build-windows-amd64-cygwin\jdk8u91\7017\hotspot\src\share\vm\prims\methodHandles.cpp, line 1146]

Events (10 events):
Event: 48.679 Executing VM operation: GetCurrentLocation
Event: 48.679 Executing VM operation: GetCurrentLocation done
Event: 48.679 Executing VM operation: EnterInterpOnlyMode
Event: 48.679 Executing VM operation: EnterInterpOnlyMode done
Event: 48.679 Executing VM operation: ChangeSingleStep
Event: 48.679 Executing VM operation: ChangeSingleStep done
Event: 48.679 Executing VM operation: ChangeSingleStep
Event: 48.680 Executing VM operation: ChangeSingleStep done
Event: 48.685 Executing VM operation: RedefineClasses
Event: 48.686 Executing VM operation: RedefineClasses done


Dynamic libraries:
0x000000013f620000 - 0x000000013f657000 	C:\Dev\sinnake\Util\jre1.8.0_91\bin\javaw.exe
0x0000000077a70000 - 0x0000000077c0f000 	C:\Windows\SYSTEM32\ntdll.dll
0x0000000077950000 - 0x0000000077a6f000 	C:\Windows\system32\kernel32.dll
0x000007fefd7a0000 - 0x000007fefd80a000 	C:\Windows\system32\KERNELBASE.dll
0x000007feff070000 - 0x000007feff14b000 	C:\Windows\system32\ADVAPI32.dll
0x000007fefdd30000 - 0x000007fefddcf000 	C:\Windows\system32\msvcrt.dll
0x000007feff4c0000 - 0x000007feff4df000 	C:\Windows\SYSTEM32\sechost.dll
0x000007feff320000 - 0x000007feff44d000 	C:\Windows\system32\RPCRT4.dll
0x0000000077850000 - 0x000000007794a000 	C:\Windows\system32\USER32.dll
0x000007feff450000 - 0x000007feff4b7000 	C:\Windows\system32\GDI32.dll
0x000007feff300000 - 0x000007feff30e000 	C:\Windows\system32\LPK.dll
0x000007fefda70000 - 0x000007fefdb3b000 	C:\Windows\system32\USP10.dll
0x000007fefbfb0000 - 0x000007fefc1a4000 	C:\Windows\WinSxS\amd64_microsoft.windows.common-controls_6595b64144ccf1df_6.0.7601.18837_none_fa3b1e3d17594757\COMCTL32.dll
0x000007feff280000 - 0x000007feff2f1000 	C:\Windows\system32\SHLWAPI.dll
0x000007feff9e0000 - 0x000007feffa0e000 	C:\Windows\system32\IMM32.DLL
0x000007fefed60000 - 0x000007fefee69000 	C:\Windows\system32\MSCTF.dll
0x00000000746d0000 - 0x00000000747a2000 	C:\Dev\sinnake\Util\jre1.8.0_91\bin\msvcr100.dll
0x0000000071000000 - 0x0000000071893000 	C:\Dev\sinnake\Util\jre1.8.0_91\bin\server\jvm.dll
0x000007fefa9c0000 - 0x000007fefa9c9000 	C:\Windows\system32\WSOCK32.dll
0x000007feff230000 - 0x000007feff27d000 	C:\Windows\system32\WS2_32.dll
0x000007feff310000 - 0x000007feff318000 	C:\Windows\system32\NSI.dll
0x000007fef60d0000 - 0x000007fef610b000 	C:\Windows\system32\WINMM.dll
0x000007fefc870000 - 0x000007fefc87c000 	C:\Windows\system32\VERSION.dll
0x0000000077c10000 - 0x0000000077c17000 	C:\Windows\system32\PSAPI.DLL
0x00000000746c0000 - 0x00000000746cf000 	C:\Dev\sinnake\Util\jre1.8.0_91\bin\verify.dll
0x0000000074690000 - 0x00000000746b9000 	C:\Dev\sinnake\Util\jre1.8.0_91\bin\java.dll
0x0000000074650000 - 0x0000000074685000 	C:\Dev\sinnake\Util\jre1.8.0_91\bin\jdwp.dll
0x0000000074640000 - 0x0000000074648000 	C:\Dev\sinnake\Util\jre1.8.0_91\bin\npt.dll
0x0000000074240000 - 0x0000000074263000 	C:\Dev\sinnake\Util\jre1.8.0_91\bin\instrument.dll
0x0000000074220000 - 0x0000000074236000 	C:\Dev\sinnake\Util\jre1.8.0_91\bin\zip.dll
0x000007fefdfb0000 - 0x000007fefed3a000 	C:\Windows\system32\SHELL32.dll
0x000007fefee70000 - 0x000007feff06d000 	C:\Windows\system32\ole32.dll
0x000007fefd620000 - 0x000007fefd62f000 	C:\Windows\system32\profapi.dll
0x0000000074210000 - 0x0000000074219000 	C:\Dev\sinnake\Util\jre1.8.0_91\bin\dt_socket.dll
0x000007fefafa0000 - 0x000007fefafb5000 	C:\Windows\system32\NLAapi.dll
0x000007fef9760000 - 0x000007fef9775000 	C:\Windows\system32\napinsp.dll
0x000007fef9740000 - 0x000007fef9759000 	C:\Windows\system32\pnrpnsp.dll
0x000007fefcda0000 - 0x000007fefcdf5000 	C:\Windows\System32\mswsock.dll
0x000007fefcc20000 - 0x000007fefcc7b000 	C:\Windows\system32\DNSAPI.dll
0x000007fef9730000 - 0x000007fef973b000 	C:\Windows\System32\winrnr.dll
0x000007fefc840000 - 0x000007fefc867000 	C:\Windows\system32\IPHLPAPI.DLL
0x000007fefc830000 - 0x000007fefc83b000 	C:\Windows\system32\WINNSI.DLL
0x000007fefaa20000 - 0x000007fefaa73000 	C:\Windows\System32\fwpuclnt.dll
0x000007fef8e90000 - 0x000007fef8e98000 	C:\Windows\system32\rasadhlp.dll
0x000007fefc740000 - 0x000007fefc747000 	C:\Windows\System32\wshtcpip.dll
0x000007fef9b00000 - 0x000007fef9c25000 	C:\Windows\system32\dbghelp.dll

VM Arguments:
jvm_args: -agentlib:jdwp=transport=dt_socket,suspend=y,address=localhost:50259 -javaagent:C:\Dev\sinnake\sts-3.9.6.RELEASE\configuration\org.eclipse.osgi\324\0\.cp\lib\javaagent-shaded.jar -Dfile.encoding=UTF-8 -Xbootclasspath:C:\Dev\sinnake\Util\jre1.8.0_91\lib\resources.jar;C:\Dev\sinnake\Util\jre1.8.0_91\lib\rt.jar;C:\Dev\sinnake\Util\jre1.8.0_91\lib\jsse.jar;C:\Dev\sinnake\Util\jre1.8.0_91\lib\jce.jar;C:\Dev\sinnake\Util\jre1.8.0_91\lib\charsets.jar;C:\Dev\sinnake\Util\jre1.8.0_91\lib\jfr.jar;C:\Program Files\Java\jdk1.8.0_111\lib\tools.jar 
java_command: Part2.Chapter5.Chapter5_5_1.Quiz.Quiz_5_2
java_class_path (initial): C:\Dev\sinnake\workspace\java8inaction\Java8 In Action\bin;C:\Dev\sinnake\sts-3.9.6.RELEASE\configuration\org.eclipse.osgi\324\0\.cp\lib\javaagent-shaded.jar
Launcher Type: SUN_STANDARD

Environment Variables:
PATH=C:\Program Files (x86)\Common Files\Oracle\Java\javapath;C:\ProgramData\Oracle\Java\javapath;C:\Windows\system32;C:\Windows;C:\Windows\System32\Wbem;C:\Windows\System32\WindowsPowerShell\v1.0\;C:\Program Files\nodejs\;C:\Program Files\Git\cmd;C:\Users\sinnakeWEB\AppData\Roaming\npm
USERNAME=sinnakeWEB
OS=Windows_NT
PROCESSOR_IDENTIFIER=Intel64 Family 6 Model 60 Stepping 3, GenuineIntel



---------------  S Y S T E M  ---------------

OS: Windows 7 , 64 bit Build 7601 (6.1.7601.24260)

CPU:total 4 (4 cores per cpu, 1 threads per core) family 6 model 60 stepping 3, cmov, cx8, fxsr, mmx, sse, sse2, sse3, ssse3, sse4.1, sse4.2, popcnt, avx, aes, clmul, lzcnt, tsc, tscinvbit

Memory: 4k page, physical 8388152k(5874524k free), swap 16774404k(14091072k free)

vm_info: Java HotSpot(TM) 64-Bit Server VM (25.91-b15) for windows-amd64 JRE (1.8.0_91-b15), built on May 20 2016 17:43:15 by "java_re" with MS VC++ 10.0 (VS2010)

time: Thu Nov 01 16:16:01 2018
elapsed time: 48 seconds (0d 0h 0m 48s)

